app/build/intermediates/manifest_merge_blame_file/debug/processDebugMainManifest/manifest-merger-blame-debug-report.txt
1<?xml version="1.0" encoding="utf-8"?>
2<manifest xmlns:android="http://schemas.android.com/apk/res/android"
3    package="com.matteomoretti.geotasks"
4    android:versionCode="1"
5    android:versionName="1.0" >
6
7    <uses-sdk
7-->INJECTED
8        android:minSdkVersion="24"
8-->INJECTED
9        android:targetSdkVersion="36" />
9-->INJECTED
10
11    <uses-permission android:name="android.permission.ACCESS_COARSE_LOCATION" />
11-->src/main/AndroidManifest.xml:4:5-81
11-->src/main/AndroidManifest.xml:4:22-78
12    <uses-permission android:name="android.permission.ACCESS_FINE_LOCATION" />
12-->src/main/AndroidManifest.xml:5:5-79
12-->src/main/AndroidManifest.xml:5:22-76
13
14    <permission
14-->[androidx.core:core:1.18.0] AndroidManifest.xml:22:5-24:47
15        android:name="com.matteomoretti.geotasks.DYNAMIC_RECEIVER_NOT_EXPORTED_PERMISSION"
15-->[androidx.core:core:1.18.0] AndroidManifest.xml:23:9-81
16        android:protectionLevel="signature" />
16-->[androidx.core:core:1.18.0] AndroidManifest.xml:24:9-44
17
18    <uses-permission android:name="com.matteomoretti.geotasks.DYNAMIC_RECEIVER_NOT_EXPORTED_PERMISSION" />
18-->[androidx.core:core:1.18.0] AndroidManifest.xml:26:5-97
18-->[androidx.core:core:1.18.0] AndroidManifest.xml:26:22-94
19
20    <application
20-->src/main/AndroidManifest.xml:7:5-27:19
21        android:allowBackup="true"
21-->src/main/AndroidManifest.xml:8:9-35
22        android:appComponentFactory="androidx.core.app.CoreComponentFactory"
22-->[androidx.core:core:1.18.0] AndroidManifest.xml:28:18-86
23        android:dataExtractionRules="@xml/data_extraction_rules"
23-->src/main/AndroidManifest.xml:9:9-65
24        android:debuggable="true"
25        android:extractNativeLibs="false"
25-->INJECTED
26        android:fullBackupContent="@xml/backup_rules"
26-->src/main/AndroidManifest.xml:10:9-54
27        android:icon="@mipmap/ic_launcher"
27-->src/main/AndroidManifest.xml:11:9-43
28        android:label="@string/app_name"
28-->src/main/AndroidManifest.xml:12:9-41
29        android:roundIcon="@mipmap/ic_launcher_round"
29-->src/main/AndroidManifest.xml:13:9-54
30        android:supportsRtl="true"
30-->src/main/AndroidManifest.xml:14:9-35
31        android:testOnly="true"
32        android:theme="@style/Theme.GeoTasks" >
32-->src/main/AndroidManifest.xml:15:9-46
33        <activity
33-->src/main/AndroidManifest.xml:16:9-26:20
34            android:name="com.matteomoretti.geotasks.MainActivity"
34-->src/main/AndroidManifest.xml:17:13-41
35            android:exported="true"
35-->src/main/AndroidManifest.xml:18:13-36
36            android:label="@string/app_name"
36-->src/main/AndroidManifest.xml:19:13-45
37            android:theme="@style/Theme.GeoTasks" >
37-->src/main/AndroidManifest.xml:20:13-50
38            <intent-filter>
38-->src/main/AndroidManifest.xml:21:13-25:29
39                <action android:name="android.intent.action.MAIN" />
39-->src/main/AndroidManifest.xml:22:17-69
39-->src/main/AndroidManifest.xml:22:25-66
40
41                <category android:name="android.intent.category.LAUNCHER" />
41-->src/main/AndroidManifest.xml:24:17-77
41-->src/main/AndroidManifest.xml:24:27-74
42            </intent-filter>
43        </activity>
44        <activity
44-->[com.google.android.gms:play-services-base:18.5.0] AndroidManifest.xml:5:9-173
45            android:name="com.google.android.gms.common.api.GoogleApiActivity"
45-->[com.google.android.gms:play-services-base:18.5.0] AndroidManifest.xml:5:19-85
46            android:exported="false"
46-->[com.google.android.gms:play-services-base:18.5.0] AndroidManifest.xml:5:146-170
47            android:theme="@android:style/Theme.Translucent.NoTitleBar" />
47-->[com.google.android.gms:play-services-base:18.5.0] AndroidManifest.xml:5:86-145
48
49        <meta-data
49-->[com.google.android.gms:play-services-basement:18.4.0] AndroidManifest.xml:6:9-122
50            android:name="com.google.android.gms.version"
50-->[com.google.android.gms:play-services-basement:18.4.0] AndroidManifest.xml:6:20-65
51            android:value="@integer/google_play_services_version" />
51-->[com.google.android.gms:play-services-basement:18.4.0] AndroidManifest.xml:6:66-119
52
53        <activity
53-->[androidx.compose.ui:ui-tooling-android:1.10.5] AndroidManifest.xml:23:9-25:39
54            android:name="androidx.compose.ui.tooling.PreviewActivity"
54-->[androidx.compose.ui:ui-tooling-android:1.10.5] AndroidManifest.xml:24:13-71
55            android:exported="true" />
55-->[androidx.compose.ui:ui-tooling-android:1.10.5] AndroidManifest.xml:25:13-36
56
57        <uses-library
57-->[androidx.window:window:1.5.0] AndroidManifest.xml:23:9-25:40
58            android:name="androidx.window.extensions"
58-->[androidx.window:window:1.5.0] AndroidManifest.xml:24:13-54
59            android:required="false" />
59-->[androidx.window:window:1.5.0] AndroidManifest.xml:25:13-37
60        <uses-library
60-->[androidx.window:window:1.5.0] AndroidManifest.xml:26:9-28:40
61            android:name="androidx.window.sidecar"
61-->[androidx.window:window:1.5.0] AndroidManifest.xml:27:13-51
62            android:required="false" />
62-->[androidx.window:window:1.5.0] AndroidManifest.xml:28:13-37
63
64        <provider
64-->[androidx.emoji2:emoji2:1.4.0] AndroidManifest.xml:24:9-32:20
65            android:name="androidx.startup.InitializationProvider"
65-->[androidx.emoji2:emoji2:1.4.0] AndroidManifest.xml:25:13-67
66            android:authorities="com.matteomoretti.geotasks.androidx-startup"
66-->[androidx.emoji2:emoji2:1.4.0] AndroidManifest.xml:26:13-68
67            android:exported="false" >
67-->[androidx.emoji2:emoji2:1.4.0] AndroidManifest.xml:27:13-37
68            <meta-data
68-->[androidx.emoji2:emoji2:1.4.0] AndroidManifest.xml:29:13-31:52
69                android:name="androidx.emoji2.text.EmojiCompatInitializer"
69-->[androidx.emoji2:emoji2:1.4.0] AndroidManifest.xml:30:17-75
70                android:value="androidx.startup" />
70-->[androidx.emoji2:emoji2:1.4.0] AndroidManifest.xml:31:17-49
71            <meta-data
71-->[androidx.lifecycle:lifecycle-process:2.10.0] AndroidManifest.xml:29:13-31:52
72                android:name="androidx.lifecycle.ProcessLifecycleInitializer"
72-->[androidx.lifecycle:lifecycle-process:2.10.0] AndroidManifest.xml:30:17-78
73                android:value="androidx.startup" />
73-->[androidx.lifecycle:lifecycle-process:2.10.0] AndroidManifest.xml:31:17-49
74            <meta-data
74-->[androidx.profileinstaller:profileinstaller:1.4.0] AndroidManifest.xml:29:13-31:52
75                android:name="androidx.profileinstaller.ProfileInstallerInitializer"
75-->[androidx.profileinstaller:profileinstaller:1.4.0] AndroidManifest.xml:30:17-85
76                android:value="androidx.startup" />
76-->[androidx.profileinstaller:profileinstaller:1.4.0] AndroidManifest.xml:31:17-49
77        </provider>
78
79        <activity
79-->[androidx.compose.ui:ui-test-manifest:1.10.5] AndroidManifest.xml:23:9-26:79
80            android:name="androidx.activity.ComponentActivity"
80-->[androidx.compose.ui:ui-test-manifest:1.10.5] AndroidManifest.xml:24:13-63
81            android:exported="true"
81-->[androidx.compose.ui:ui-test-manifest:1.10.5] AndroidManifest.xml:25:13-36
82            android:theme="@android:style/Theme.Material.Light.NoActionBar" />
82-->[androidx.compose.ui:ui-test-manifest:1.10.5] AndroidManifest.xml:26:13-76
83
84        <service
84-->[androidx.room:room-runtime-android:2.8.4] AndroidManifest.xml:24:9-28:63
85            android:name="androidx.room.MultiInstanceInvalidationService"
85-->[androidx.room:room-runtime-android:2.8.4] AndroidManifest.xml:25:13-74
86            android:directBootAware="true"
86-->[androidx.room:room-runtime-android:2.8.4] AndroidManifest.xml:26:13-43
87            android:exported="false" />
87-->[androidx.room:room-runtime-android:2.8.4] AndroidManifest.xml:27:13-37
88
89        <receiver
89-->[androidx.profileinstaller:profileinstaller:1.4.0] AndroidManifest.xml:34:9-52:20
90            android:name="androidx.profileinstaller.ProfileInstallReceiver"
90-->[androidx.profileinstaller:profileinstaller:1.4.0] AndroidManifest.xml:35:13-76
91            android:directBootAware="false"
91-->[androidx.profileinstaller:profileinstaller:1.4.0] AndroidManifest.xml:36:13-44
92            android:enabled="true"
92-->[androidx.profileinstaller:profileinstaller:1.4.0] AndroidManifest.xml:37:13-35
93            android:exported="true"
93-->[androidx.profileinstaller:profileinstaller:1.4.0] AndroidManifest.xml:38:13-36
94            android:permission="android.permission.DUMP" >
94-->[androidx.profileinstaller:profileinstaller:1.4.0] AndroidManifest.xml:39:13-57
95            <intent-filter>
95-->[androidx.profileinstaller:profileinstaller:1.4.0] AndroidManifest.xml:40:13-42:29
96                <action android:name="androidx.profileinstaller.action.INSTALL_PROFILE" />
96-->[androidx.profileinstaller:profileinstaller:1.4.0] AndroidManifest.xml:41:17-91
96-->[androidx.profileinstaller:profileinstaller:1.4.0] AndroidManifest.xml:41:25-88
97            </intent-filter>
98            <intent-filter>
98-->[androidx.profileinstaller:profileinstaller:1.4.0] AndroidManifest.xml:43:13-45:29
99                <action android:name="androidx.profileinstaller.action.SKIP_FILE" />
99-->[androidx.profileinstaller:profileinstaller:1.4.0] AndroidManifest.xml:44:17-85
99-->[androidx.profileinstaller:profileinstaller:1.4.0] AndroidManifest.xml:44:25-82
100            </intent-filter>
101            <intent-filter>
101-->[androidx.profileinstaller:profileinstaller:1.4.0] AndroidManifest.xml:46:13-48:29
102                <action android:name="androidx.profileinstaller.action.SAVE_PROFILE" />
102-->[androidx.profileinstaller:profileinstaller:1.4.0] AndroidManifest.xml:47:17-88
102-->[androidx.profileinstaller:profileinstaller:1.4.0] AndroidManifest.xml:47:25-85
103            </intent-filter>
104            <intent-filter>
104-->[androidx.profileinstaller:profileinstaller:1.4.0] AndroidManifest.xml:49:13-51:29
105                <action android:name="androidx.profileinstaller.action.BENCHMARK_OPERATION" />
105-->[androidx.profileinstaller:profileinstaller:1.4.0] AndroidManifest.xml:50:17-95
105-->[androidx.profileinstaller:profileinstaller:1.4.0] AndroidManifest.xml:50:25-92
106            </intent-filter>
107        </receiver>
108    </application>
109
110</manifest>